<?xml version="1.0" encoding="UTF-8"?>
<!-- Generated by org.testng.reporters.JUnitReportReporter -->
<testsuite skipped="0" hostname="DESKTOP-VPUTMT9" name="org.Zurich_Practice.TestNGPractice1" tests="1" failures="0" timestamp="2022-09-16T15:58:47 EDT" time="32.142" errors="0">
  <testcase name="Screenshot" time="32.142" classname="org.Zurich_Practice.TestNGPractice1"/>
  <system-out/>
</testsuite> <!-- org.Zurich_Practice.TestNGPractice1 -->
