<?xml version="1.0" encoding="UTF-8"?>
<!-- Generated by org.testng.reporters.JUnitReportReporter -->
<testsuite skipped="0" hostname="DESKTOP-VPUTMT9" name="org.Zurich_Practice.TestNGpracticeconfi" tests="2" failures="0" timestamp="2022-09-16T15:58:47 EDT" time="0.047" errors="0">
  <testcase name="test1" time="0.031" classname="org.Zurich_Practice.TestNGpracticeconfi"/>
  <system-out/>
  <testcase name="test2" time="0.016" classname="org.Zurich_Practice.TestNGpracticeconfi"/>
  <system-out/>
</testsuite> <!-- org.Zurich_Practice.TestNGpracticeconfi -->
