<?xml version="1.0" encoding="UTF-8"?>
<!-- Generated by org.testng.reporters.JUnitReportReporter -->
<testsuite skipped="0" hostname="DESKTOP-VPUTMT9" name="org.Zurich_Practice.TestNGPractice" tests="2" failures="0" timestamp="2022-09-16T15:58:47 EDT" time="0.008" errors="0">
  <testcase name="Test2" time="0.004" classname="org.Zurich_Practice.TestNGPractice"/>
  <system-out/>
  <testcase name="Test1" time="0.004" classname="org.Zurich_Practice.TestNGPractice"/>
  <system-out/>
</testsuite> <!-- org.Zurich_Practice.TestNGPractice -->
