<?xml version="1.0" encoding="UTF-8"?>
<!-- Generated by org.testng.reporters.JUnitReportReporter -->
<testsuite skipped="0" hostname="DESKTOP-VPUTMT9" name="org.Zurich_Practice.MavenpracticeTest" tests="1" failures="0" timestamp="2022-09-20T13:12:21 EDT" time="55.273" errors="0">
  <testcase name="step1" time="55.273" classname="org.Zurich_Practice.MavenpracticeTest"/>
  <system-out/>
</testsuite> <!-- org.Zurich_Practice.MavenpracticeTest -->
