<?xml version="1.0" encoding="UTF-8"?>
<!-- Generated by org.testng.reporters.JUnitReportReporter -->
<testsuite skipped="0" hostname="DESKTOP-VPUTMT9" name="org.Zurich_Practice.Screenshot" tests="1" failures="0" timestamp="2022-09-14T13:11:45 EDT" time="33.601" errors="0">
  <testcase name="Screenshot" time="33.601" classname="org.Zurich_Practice.Screenshot"/>
  <system-out/>
</testsuite> <!-- org.Zurich_Practice.Screenshot -->
